d:\23datastructure\1v1\wangyf\yf_class\yf_class\x64\debug\vc143.pdb
d:\23datastructure\1v1\wangyf\yf_class\yf_class\x64\debug\vc143.idb
d:\23datastructure\1v1\wangyf\yf_class\yf_class\x64\debug\haffumantree.obj
d:\23datastructure\1v1\wangyf\yf_class\yf_class\x64\debug\getwidth.obj
d:\23datastructure\1v1\wangyf\yf_class\yf_class\x64\debug\gethigh.obj
d:\23datastructure\1v1\wangyf\yf_class\yf_class\x64\debug\findthereciprocalk.obj
d:\23datastructure\1v1\wangyf\yf_class\yf_class\x64\debug\findroute.obj
d:\23datastructure\1v1\wangyf\yf_class\yf_class\x64\debug\findkth.obj
d:\23datastructure\1v1\wangyf\yf_class\yf_class\x64\debug\findcommon.obj
d:\23datastructure\1v1\wangyf\yf_class\yf_class\x64\debug\findallancestor.obj
d:\23datastructure\1v1\wangyf\yf_class\yf_class\x64\debug\doublenode.obj
d:\23datastructure\1v1\wangyf\yf_class\yf_class\x64\debug\dorbfsinal.obj
d:\23datastructure\1v1\wangyf\yf_class\yf_class\x64\debug\dfsusestack.obj
d:\23datastructure\1v1\wangyf\yf_class\yf_class\x64\debug\delxwithhead.obj
d:\23datastructure\1v1\wangyf\yf_class\yf_class\x64\debug\delxsub.obj
d:\23datastructure\1v1\wangyf\yf_class\yf_class\x64\debug\delmin.obj
d:\23datastructure\1v1\wangyf\yf_class\yf_class\x64\debug\createstack.obj
d:\23datastructure\1v1\wangyf\yf_class\yf_class\x64\debug\createsequentialqueue.obj
d:\23datastructure\1v1\wangyf\yf_class\yf_class\x64\debug\createlink.obj
d:\23datastructure\1v1\wangyf\yf_class\yf_class\x64\debug\creategraphinam.obj
d:\23datastructure\1v1\wangyf\yf_class\yf_class\x64\debug\creategraphinal.obj
d:\23datastructure\1v1\wangyf\yf_class\yf_class\x64\debug\bfs_min_distance.obj
d:\23datastructure\1v1\wangyf\yf_class\yf_class\x64\debug\wpl.obj
d:\23datastructure\1v1\wangyf\yf_class\yf_class\x64\debug\swapchild.obj
d:\23datastructure\1v1\wangyf\yf_class\yf_class\x64\debug\reverseoutput.obj
d:\23datastructure\1v1\wangyf\yf_class\yf_class\x64\debug\priminam.obj
d:\23datastructure\1v1\wangyf\yf_class\yf_class\x64\debug\priminal.obj
d:\23datastructure\1v1\wangyf\yf_class\yf_class\x64\debug\prek.obj
d:\23datastructure\1v1\wangyf\yf_class\yf_class\x64\debug\postorder.obj
d:\23datastructure\1v1\wangyf\yf_class\yf_class\x64\debug\linkqueue.obj
d:\23datastructure\1v1\wangyf\yf_class\yf_class\x64\debug\linkbitree.obj
d:\23datastructure\1v1\wangyf\yf_class\yf_class\x64\debug\levelorder2.obj
d:\23datastructure\1v1\wangyf\yf_class\yf_class\x64\debug\levelinsorttree.obj
d:\23datastructure\1v1\wangyf\yf_class\yf_class\x64\debug\leaflink.obj
d:\23datastructure\1v1\wangyf\yf_class\yf_class\x64\debug\kruskal.obj
d:\23datastructure\1v1\wangyf\yf_class\yf_class\x64\debug\istree.obj
d:\23datastructure\1v1\wangyf\yf_class\yf_class\x64\debug\issorttree.obj
d:\23datastructure\1v1\wangyf\yf_class\yf_class\x64\debug\issimilar.obj
d:\23datastructure\1v1\wangyf\yf_class\yf_class\x64\debug\iscomtree.obj
d:\23datastructure\1v1\wangyf\yf_class\yf_class\x64\debug\isbalancetree.obj
d:\23datastructure\1v1\wangyf\yf_class\yf_class\x64\debug\inorderexp.obj
d:\23datastructure\1v1\wangyf\yf_class\yf_class\x64\debug\haveroute.obj
d:\23datastructure\1v1\wangyf\yf_class\yf_class\x64\debug\levelorder.obj
d:\23datastructure\1v1\wangyf\yf_class\yf_class\x64\debug\graphstruct.obj
d:\23datastructure\1v1\wangyf\yf_class\yf_class\x64\debug\dorbfsinal2.obj
d:\23datastructure\1v1\wangyf\yf_class\yf_class\x64\debug\dfsusestack2.obj
d:\23datastructure\1v1\wangyf\yf_class\yf_class\x64\debug\primreview.obj
d:\23datastructure\1v1\wangyf\yf_class\yf_class\x64\debug\primreview(note).obj
d:\23datastructure\1v1\wangyf\yf_class\yf_class\x64\debug\kruskalinal.obj
d:\23datastructure\1v1\wangyf\yf_class\yf_class\x64\debug\dijkstraam.obj
d:\23datastructure\1v1\wangyf\yf_class\yf_class\x64\debug\dijkstraal.obj
d:\23datastructure\1v1\wangyf\yf_class\yf_class\x64\debug\postorder(review).obj
d:\23datastructure\1v1\wangyf\yf_class\yf_class\x64\debug\kruskal(note).obj
d:\23datastructure\1v1\wangyf\yf_class\yf_class\x64\debug\prim(review).obj
d:\23datastructure\1v1\wangyf\yf_class\yf_class\x64\debug\floyd.obj
d:\23datastructure\1v1\wangyf\yf_class\yf_class\x64\debug\dijkstra(review).obj
d:\23datastructure\1v1\wangyf\yf_class\yf_class\x64\debug\topologicalsort.obj
d:\23datastructure\1v1\wangyf\yf_class\yf_class\x64\debug\kruskal(note2).obj
d:\23datastructure\1v1\wangyf\yf_class\x64\debug\yf_class.exe
d:\23datastructure\1v1\wangyf\yf_class\yf_class\x64\debug\yf_class.ilk
d:\23datastructure\1v1\wangyf\yf_class\x64\debug\yf_class.pdb
d:\23datastructure\1v1\wangyf\yf_class\yf_class\x64\debug\yf_class.tlog\cl.command.1.tlog
d:\23datastructure\1v1\wangyf\yf_class\yf_class\x64\debug\yf_class.tlog\cl.read.1.tlog
d:\23datastructure\1v1\wangyf\yf_class\yf_class\x64\debug\yf_class.tlog\cl.write.1.tlog
d:\23datastructure\1v1\wangyf\yf_class\yf_class\x64\debug\yf_class.tlog\link.command.1.tlog
d:\23datastructure\1v1\wangyf\yf_class\yf_class\x64\debug\yf_class.tlog\link.read.1.tlog
d:\23datastructure\1v1\wangyf\yf_class\yf_class\x64\debug\yf_class.tlog\link.write.1.tlog
